Logfile initialized
[INFO] logfile = C:\Titanium Studio Workspace\AITP R3\build.log
[DEBUG] C:\Users\Stick\AppData\Roaming\Titanium\mobilesdk\win32\2.0.2.GA\android\builder.py install AITP R3 C:\Android\android-sdk C:\Titanium Studio Workspace\AITP R3 com.bradyhigginbotham.r3 5
[INFO] Titanium SDK version: 2.0.2 (05/30/12 10:21 2ff31a3)
[DEBUG] Waiting for device to be ready ...
[TRACE] adb devices returned 1 devices/emulators
[DEBUG] Device connected... (waited 0 seconds)
[DEBUG] waited 0.018000 seconds on emulator to get ready
[DEBUG] com.bradyhigginbotham.r3 installed? False
[INFO] Copying CommonJS modules...
[INFO] Copying project resources..
[INFO] Detected change in tiapp.xml, or assets deleted. Forcing full re-build...
[TRACE] COPYING CREATED FILE: C:\Titanium Studio Workspace\AITP R3\Resources\android\appicon.png => C:\Titanium Studio Workspace\AITP R3\build\android\bin\assets\Resources\appicon.png
[TRACE] COPYING CREATED FILE: C:\Titanium Studio Workspace\AITP R3\Resources\android\settings.js => C:\Titanium Studio Workspace\AITP R3\build\android\bin\assets\Resources\settings.js
[TRACE] COPYING CREATED FILE: C:\Titanium Studio Workspace\AITP R3\Resources\app.js => C:\Titanium Studio Workspace\AITP R3\build\android\bin\assets\Resources\app.js
[TRACE] COPYING CREATED FILE: C:\Titanium Studio Workspace\AITP R3\Resources\db\r3.sqlite => C:\Titanium Studio Workspace\AITP R3\build\android\bin\assets\Resources\db\r3.sqlite
[TRACE] COPYING CREATED FILE: C:\Titanium Studio Workspace\AITP R3\Resources\floorplan\FGMouton.png => C:\Titanium Studio Workspace\AITP R3\build\android\bin\assets\Resources\floorplan\FGMouton.png
[TRACE] COPYING CREATED FILE: C:\Titanium Studio Workspace\AITP R3\Resources\icons\certifications_64.png => C:\Titanium Studio Workspace\AITP R3\build\android\bin\assets\Resources\icons\certifications_64.png
[TRACE] COPYING CREATED FILE: C:\Titanium Studio Workspace\AITP R3\Resources\icons\colleges_64.png => C:\Titanium Studio Workspace\AITP R3\build\android\bin\assets\Resources\icons\colleges_64.png
[TRACE] COPYING CREATED FILE: C:\Titanium Studio Workspace\AITP R3\Resources\icons\facebook_round_64.png => C:\Titanium Studio Workspace\AITP R3\build\android\bin\assets\Resources\icons\facebook_round_64.png
[TRACE] COPYING CREATED FILE: C:\Titanium Studio Workspace\AITP R3\Resources\icons\home\about.png => C:\Titanium Studio Workspace\AITP R3\build\android\bin\assets\Resources\icons\home\about.png
[TRACE] COPYING CREATED FILE: C:\Titanium Studio Workspace\AITP R3\Resources\icons\home\about_blue_64.png => C:\Titanium Studio Workspace\AITP R3\build\android\bin\assets\Resources\icons\home\about_blue_64.png
[TRACE] COPYING CREATED FILE: C:\Titanium Studio Workspace\AITP R3\Resources\icons\home\about_blue_64_title.png => C:\Titanium Studio Workspace\AITP R3\build\android\bin\assets\Resources\icons\home\about_blue_64_title.png
[TRACE] COPYING CREATED FILE: C:\Titanium Studio Workspace\AITP R3\Resources\icons\home\briefcase.png => C:\Titanium Studio Workspace\AITP R3\build\android\bin\assets\Resources\icons\home\briefcase.png
[TRACE] COPYING CREATED FILE: C:\Titanium Studio Workspace\AITP R3\Resources\icons\home\briefcase_64_title.png => C:\Titanium Studio Workspace\AITP R3\build\android\bin\assets\Resources\icons\home\briefcase_64_title.png
[TRACE] COPYING CREATED FILE: C:\Titanium Studio Workspace\AITP R3\Resources\icons\home\camera.png => C:\Titanium Studio Workspace\AITP R3\build\android\bin\assets\Resources\icons\home\camera.png
[TRACE] COPYING CREATED FILE: C:\Titanium Studio Workspace\AITP R3\Resources\icons\home\certifications.png => C:\Titanium Studio Workspace\AITP R3\build\android\bin\assets\Resources\icons\home\certifications.png
[TRACE] COPYING CREATED FILE: C:\Titanium Studio Workspace\AITP R3\Resources\icons\home\certifications_64.png => C:\Titanium Studio Workspace\AITP R3\build\android\bin\assets\Resources\icons\home\certifications_64.png
[TRACE] COPYING CREATED FILE: C:\Titanium Studio Workspace\AITP R3\Resources\icons\home\certifications_64_title.png => C:\Titanium Studio Workspace\AITP R3\build\android\bin\assets\Resources\icons\home\certifications_64_title.png
[TRACE] COPYING CREATED FILE: C:\Titanium Studio Workspace\AITP R3\Resources\icons\home\colleges.png => C:\Titanium Studio Workspace\AITP R3\build\android\bin\assets\Resources\icons\home\colleges.png
[TRACE] COPYING CREATED FILE: C:\Titanium Studio Workspace\AITP R3\Resources\icons\home\colleges_64.png => C:\Titanium Studio Workspace\AITP R3\build\android\bin\assets\Resources\icons\home\colleges_64.png
[TRACE] COPYING CREATED FILE: C:\Titanium Studio Workspace\AITP R3\Resources\icons\home\colleges_64_title.png => C:\Titanium Studio Workspace\AITP R3\build\android\bin\assets\Resources\icons\home\colleges_64_title.png
[TRACE] COPYING CREATED FILE: C:\Titanium Studio Workspace\AITP R3\Resources\icons\home\competitions.png => C:\Titanium Studio Workspace\AITP R3\build\android\bin\assets\Resources\icons\home\competitions.png
[TRACE] COPYING CREATED FILE: C:\Titanium Studio Workspace\AITP R3\Resources\icons\home\contests_64.png => C:\Titanium Studio Workspace\AITP R3\build\android\bin\assets\Resources\icons\home\contests_64.png
[TRACE] COPYING CREATED FILE: C:\Titanium Studio Workspace\AITP R3\Resources\icons\home\contests_64_title.png => C:\Titanium Studio Workspace\AITP R3\build\android\bin\assets\Resources\icons\home\contests_64_title.png
[TRACE] COPYING CREATED FILE: C:\Titanium Studio Workspace\AITP R3\Resources\icons\home\facebook.png => C:\Titanium Studio Workspace\AITP R3\build\android\bin\assets\Resources\icons\home\facebook.png
[TRACE] COPYING CREATED FILE: C:\Titanium Studio Workspace\AITP R3\Resources\icons\home\facebook_round_64.png => C:\Titanium Studio Workspace\AITP R3\build\android\bin\assets\Resources\icons\home\facebook_round_64.png
[TRACE] COPYING CREATED FILE: C:\Titanium Studio Workspace\AITP R3\Resources\icons\home\facebook_round_64_title.png => C:\Titanium Studio Workspace\AITP R3\build\android\bin\assets\Resources\icons\home\facebook_round_64_title.png
[TRACE] COPYING CREATED FILE: C:\Titanium Studio Workspace\AITP R3\Resources\icons\home\festival.png => C:\Titanium Studio Workspace\AITP R3\build\android\bin\assets\Resources\icons\home\festival.png
[TRACE] COPYING CREATED FILE: C:\Titanium Studio Workspace\AITP R3\Resources\icons\home\festival_64_title.png => C:\Titanium Studio Workspace\AITP R3\build\android\bin\assets\Resources\icons\home\festival_64_title.png
[TRACE] COPYING CREATED FILE: C:\Titanium Studio Workspace\AITP R3\Resources\icons\home\job_fair_64.png => C:\Titanium Studio Workspace\AITP R3\build\android\bin\assets\Resources\icons\home\job_fair_64.png
[TRACE] COPYING CREATED FILE: C:\Titanium Studio Workspace\AITP R3\Resources\icons\home\job_fair_64_title.png => C:\Titanium Studio Workspace\AITP R3\build\android\bin\assets\Resources\icons\home\job_fair_64_title.png
[TRACE] COPYING CREATED FILE: C:\Titanium Studio Workspace\AITP R3\Resources\icons\home\maps.png => C:\Titanium Studio Workspace\AITP R3\build\android\bin\assets\Resources\icons\home\maps.png
[TRACE] COPYING CREATED FILE: C:\Titanium Studio Workspace\AITP R3\Resources\icons\home\maps_64.png => C:\Titanium Studio Workspace\AITP R3\build\android\bin\assets\Resources\icons\home\maps_64.png
[TRACE] COPYING CREATED FILE: C:\Titanium Studio Workspace\AITP R3\Resources\icons\home\maps_64_title.png => C:\Titanium Studio Workspace\AITP R3\build\android\bin\assets\Resources\icons\home\maps_64_title.png
[TRACE] COPYING CREATED FILE: C:\Titanium Studio Workspace\AITP R3\Resources\icons\home\photos2_64.png => C:\Titanium Studio Workspace\AITP R3\build\android\bin\assets\Resources\icons\home\photos2_64.png
[TRACE] COPYING CREATED FILE: C:\Titanium Studio Workspace\AITP R3\Resources\icons\home\photos2_64_title.png => C:\Titanium Studio Workspace\AITP R3\build\android\bin\assets\Resources\icons\home\photos2_64_title.png
[TRACE] COPYING CREATED FILE: C:\Titanium Studio Workspace\AITP R3\Resources\icons\home\photos_64.png => C:\Titanium Studio Workspace\AITP R3\build\android\bin\assets\Resources\icons\home\photos_64.png
[TRACE] COPYING CREATED FILE: C:\Titanium Studio Workspace\AITP R3\Resources\icons\home\photos_64_title.png => C:\Titanium Studio Workspace\AITP R3\build\android\bin\assets\Resources\icons\home\photos_64_title.png
[TRACE] COPYING CREATED FILE: C:\Titanium Studio Workspace\AITP R3\Resources\icons\home\schedule.png => C:\Titanium Studio Workspace\AITP R3\build\android\bin\assets\Resources\icons\home\schedule.png
[TRACE] COPYING CREATED FILE: C:\Titanium Studio Workspace\AITP R3\Resources\icons\home\schedule_64.png => C:\Titanium Studio Workspace\AITP R3\build\android\bin\assets\Resources\icons\home\schedule_64.png
[TRACE] COPYING CREATED FILE: C:\Titanium Studio Workspace\AITP R3\Resources\icons\home\schedule_64_title.png => C:\Titanium Studio Workspace\AITP R3\build\android\bin\assets\Resources\icons\home\schedule_64_title.png
[TRACE] COPYING CREATED FILE: C:\Titanium Studio Workspace\AITP R3\Resources\icons\home\sessions.png => C:\Titanium Studio Workspace\AITP R3\build\android\bin\assets\Resources\icons\home\sessions.png
[TRACE] COPYING CREATED FILE: C:\Titanium Studio Workspace\AITP R3\Resources\icons\home\sessions_64.png => C:\Titanium Studio Workspace\AITP R3\build\android\bin\assets\Resources\icons\home\sessions_64.png
[TRACE] COPYING CREATED FILE: C:\Titanium Studio Workspace\AITP R3\Resources\icons\home\sessions_64_title.png => C:\Titanium Studio Workspace\AITP R3\build\android\bin\assets\Resources\icons\home\sessions_64_title.png
[TRACE] COPYING CREATED FILE: C:\Titanium Studio Workspace\AITP R3\Resources\icons\home\sessions_color_64.png => C:\Titanium Studio Workspace\AITP R3\build\android\bin\assets\Resources\icons\home\sessions_color_64.png
[TRACE] COPYING CREATED FILE: C:\Titanium Studio Workspace\AITP R3\Resources\icons\home\twitter.png => C:\Titanium Studio Workspace\AITP R3\build\android\bin\assets\Resources\icons\home\twitter.png
[TRACE] COPYING CREATED FILE: C:\Titanium Studio Workspace\AITP R3\Resources\icons\home\twitter_round_64.png => C:\Titanium Studio Workspace\AITP R3\build\android\bin\assets\Resources\icons\home\twitter_round_64.png
[TRACE] COPYING CREATED FILE: C:\Titanium Studio Workspace\AITP R3\Resources\icons\home\twitter_round_64_title.png => C:\Titanium Studio Workspace\AITP R3\build\android\bin\assets\Resources\icons\home\twitter_round_64_title.png
[TRACE] COPYING CREATED FILE: C:\Titanium Studio Workspace\AITP R3\Resources\icons\maps_64.png => C:\Titanium Studio Workspace\AITP R3\build\android\bin\assets\Resources\icons\maps_64.png
[TRACE] COPYING CREATED FILE: C:\Titanium Studio Workspace\AITP R3\Resources\icons\photos_64.png => C:\Titanium Studio Workspace\AITP R3\build\android\bin\assets\Resources\icons\photos_64.png
[TRACE] COPYING CREATED FILE: C:\Titanium Studio Workspace\AITP R3\Resources\icons\schedule_64.png => C:\Titanium Studio Workspace\AITP R3\build\android\bin\assets\Resources\icons\schedule_64.png
[TRACE] COPYING CREATED FILE: C:\Titanium Studio Workspace\AITP R3\Resources\icons\tabs\building.png => C:\Titanium Studio Workspace\AITP R3\build\android\bin\assets\Resources\icons\tabs\building.png
[TRACE] COPYING CREATED FILE: C:\Titanium Studio Workspace\AITP R3\Resources\icons\tabs\info.png => C:\Titanium Studio Workspace\AITP R3\build\android\bin\assets\Resources\icons\tabs\info.png
[TRACE] COPYING CREATED FILE: C:\Titanium Studio Workspace\AITP R3\Resources\icons\tabs\phone.png => C:\Titanium Studio Workspace\AITP R3\build\android\bin\assets\Resources\icons\tabs\phone.png
[TRACE] COPYING CREATED FILE: C:\Titanium Studio Workspace\AITP R3\Resources\icons\tabs\pin.png => C:\Titanium Studio Workspace\AITP R3\build\android\bin\assets\Resources\icons\tabs\pin.png
[TRACE] COPYING CREATED FILE: C:\Titanium Studio Workspace\AITP R3\Resources\icons\tabs\search.png => C:\Titanium Studio Workspace\AITP R3\build\android\bin\assets\Resources\icons\tabs\search.png
[TRACE] COPYING CREATED FILE: C:\Titanium Studio Workspace\AITP R3\Resources\icons\tabs\sessions.png => C:\Titanium Studio Workspace\AITP R3\build\android\bin\assets\Resources\icons\tabs\sessions.png
[TRACE] COPYING CREATED FILE: C:\Titanium Studio Workspace\AITP R3\Resources\icons\tabs\speakers.png => C:\Titanium Studio Workspace\AITP R3\build\android\bin\assets\Resources\icons\tabs\speakers.png
[TRACE] COPYING CREATED FILE: C:\Titanium Studio Workspace\AITP R3\Resources\icons\tabs\star.png => C:\Titanium Studio Workspace\AITP R3\build\android\bin\assets\Resources\icons\tabs\star.png
[TRACE] COPYING CREATED FILE: C:\Titanium Studio Workspace\AITP R3\Resources\icons\tabs\ull.png => C:\Titanium Studio Workspace\AITP R3\build\android\bin\assets\Resources\icons\tabs\ull.png
[TRACE] COPYING CREATED FILE: C:\Titanium Studio Workspace\AITP R3\Resources\icons\twitter_round_64.png => C:\Titanium Studio Workspace\AITP R3\build\android\bin\assets\Resources\icons\twitter_round_64.png
[TRACE] COPYING CREATED FILE: C:\Titanium Studio Workspace\AITP R3\Resources\KS_nav_ui.png => C:\Titanium Studio Workspace\AITP R3\build\android\bin\assets\Resources\KS_nav_ui.png
[TRACE] COPYING CREATED FILE: C:\Titanium Studio Workspace\AITP R3\Resources\KS_nav_views.png => C:\Titanium Studio Workspace\AITP R3\build\android\bin\assets\Resources\KS_nav_views.png
[TRACE] COPYING CREATED FILE: C:\Titanium Studio Workspace\AITP R3\Resources\ti.cloud.js => C:\Titanium Studio Workspace\AITP R3\build\android\bin\assets\Resources\ti.cloud.js
[TRACE] COPYING CREATED FILE: C:\Titanium Studio Workspace\AITP R3\Resources\ui\common\about\app\app.html => C:\Titanium Studio Workspace\AITP R3\build\android\bin\assets\Resources\ui\common\about\app\app.html
[TRACE] COPYING CREATED FILE: C:\Titanium Studio Workspace\AITP R3\Resources\ui\common\about\app\AppWindow.js => C:\Titanium Studio Workspace\AITP R3\build\android\bin\assets\Resources\ui\common\about\app\AppWindow.js
[TRACE] COPYING CREATED FILE: C:\Titanium Studio Workspace\AITP R3\Resources\ui\common\about\app\ListView.js => C:\Titanium Studio Workspace\AITP R3\build\android\bin\assets\Resources\ui\common\about\app\ListView.js
[TRACE] COPYING CREATED FILE: C:\Titanium Studio Workspace\AITP R3\Resources\ui\common\about\conference\conference.html => C:\Titanium Studio Workspace\AITP R3\build\android\bin\assets\Resources\ui\common\about\conference\conference.html
[TRACE] COPYING CREATED FILE: C:\Titanium Studio Workspace\AITP R3\Resources\ui\common\about\conference\ConferenceWindow.js => C:\Titanium Studio Workspace\AITP R3\build\android\bin\assets\Resources\ui\common\about\conference\ConferenceWindow.js
[TRACE] COPYING CREATED FILE: C:\Titanium Studio Workspace\AITP R3\Resources\ui\common\about\conference\ListView.js => C:\Titanium Studio Workspace\AITP R3\build\android\bin\assets\Resources\ui\common\about\conference\ListView.js
[TRACE] COPYING CREATED FILE: C:\Titanium Studio Workspace\AITP R3\Resources\ui\common\about\contact\contact.html => C:\Titanium Studio Workspace\AITP R3\build\android\bin\assets\Resources\ui\common\about\contact\contact.html
[TRACE] COPYING CREATED FILE: C:\Titanium Studio Workspace\AITP R3\Resources\ui\common\about\contact\ContactWindow.js => C:\Titanium Studio Workspace\AITP R3\build\android\bin\assets\Resources\ui\common\about\contact\ContactWindow.js
[TRACE] COPYING CREATED FILE: C:\Titanium Studio Workspace\AITP R3\Resources\ui\common\about\contact\ListView.js => C:\Titanium Studio Workspace\AITP R3\build\android\bin\assets\Resources\ui\common\about\contact\ListView.js
[TRACE] COPYING CREATED FILE: C:\Titanium Studio Workspace\AITP R3\Resources\ui\common\about\TabGroup.js => C:\Titanium Studio Workspace\AITP R3\build\android\bin\assets\Resources\ui\common\about\TabGroup.js
[TRACE] COPYING CREATED FILE: C:\Titanium Studio Workspace\AITP R3\Resources\ui\common\about\ull\ListView.js => C:\Titanium Studio Workspace\AITP R3\build\android\bin\assets\Resources\ui\common\about\ull\ListView.js
[TRACE] COPYING CREATED FILE: C:\Titanium Studio Workspace\AITP R3\Resources\ui\common\about\ull\UllWindow.js => C:\Titanium Studio Workspace\AITP R3\build\android\bin\assets\Resources\ui\common\about\ull\UllWindow.js
[TRACE] COPYING CREATED FILE: C:\Titanium Studio Workspace\AITP R3\Resources\ui\common\announcements\AnnouncementsWindow.js => C:\Titanium Studio Workspace\AITP R3\build\android\bin\assets\Resources\ui\common\announcements\AnnouncementsWindow.js
[TRACE] COPYING CREATED FILE: C:\Titanium Studio Workspace\AITP R3\Resources\ui\common\announcements\DetailView.js => C:\Titanium Studio Workspace\AITP R3\build\android\bin\assets\Resources\ui\common\announcements\DetailView.js
[TRACE] COPYING CREATED FILE: C:\Titanium Studio Workspace\AITP R3\Resources\ui\common\announcements\ListView.js => C:\Titanium Studio Workspace\AITP R3\build\android\bin\assets\Resources\ui\common\announcements\ListView.js
[TRACE] COPYING CREATED FILE: C:\Titanium Studio Workspace\AITP R3\Resources\ui\common\certifications\CertificationsWindow.js => C:\Titanium Studio Workspace\AITP R3\build\android\bin\assets\Resources\ui\common\certifications\CertificationsWindow.js
[TRACE] COPYING CREATED FILE: C:\Titanium Studio Workspace\AITP R3\Resources\ui\common\certifications\DetailView.js => C:\Titanium Studio Workspace\AITP R3\build\android\bin\assets\Resources\ui\common\certifications\DetailView.js
[TRACE] COPYING CREATED FILE: C:\Titanium Studio Workspace\AITP R3\Resources\ui\common\certifications\ListView.js => C:\Titanium Studio Workspace\AITP R3\build\android\bin\assets\Resources\ui\common\certifications\ListView.js
[TRACE] COPYING CREATED FILE: C:\Titanium Studio Workspace\AITP R3\Resources\ui\common\colleges\CollegesWindow.js => C:\Titanium Studio Workspace\AITP R3\build\android\bin\assets\Resources\ui\common\colleges\CollegesWindow.js
[TRACE] COPYING CREATED FILE: C:\Titanium Studio Workspace\AITP R3\Resources\ui\common\colleges\DetailView.js => C:\Titanium Studio Workspace\AITP R3\build\android\bin\assets\Resources\ui\common\colleges\DetailView.js
[TRACE] COPYING CREATED FILE: C:\Titanium Studio Workspace\AITP R3\Resources\ui\common\colleges\ListView.js => C:\Titanium Studio Workspace\AITP R3\build\android\bin\assets\Resources\ui\common\colleges\ListView.js
[TRACE] COPYING CREATED FILE: C:\Titanium Studio Workspace\AITP R3\Resources\ui\common\competitions\CompetitionsWindow.js => C:\Titanium Studio Workspace\AITP R3\build\android\bin\assets\Resources\ui\common\competitions\CompetitionsWindow.js
[TRACE] COPYING CREATED FILE: C:\Titanium Studio Workspace\AITP R3\Resources\ui\common\competitions\DetailView.js => C:\Titanium Studio Workspace\AITP R3\build\android\bin\assets\Resources\ui\common\competitions\DetailView.js
[TRACE] COPYING CREATED FILE: C:\Titanium Studio Workspace\AITP R3\Resources\ui\common\competitions\ListView.js => C:\Titanium Studio Workspace\AITP R3\build\android\bin\assets\Resources\ui\common\competitions\ListView.js
[TRACE] COPYING CREATED FILE: C:\Titanium Studio Workspace\AITP R3\Resources\ui\common\jobfair\DetailView.js => C:\Titanium Studio Workspace\AITP R3\build\android\bin\assets\Resources\ui\common\jobfair\DetailView.js
[TRACE] COPYING CREATED FILE: C:\Titanium Studio Workspace\AITP R3\Resources\ui\common\jobfair\exhibitors\ExhibitorsWindow.js => C:\Titanium Studio Workspace\AITP R3\build\android\bin\assets\Resources\ui\common\jobfair\exhibitors\ExhibitorsWindow.js
[TRACE] COPYING CREATED FILE: C:\Titanium Studio Workspace\AITP R3\Resources\ui\common\jobfair\ListView.js => C:\Titanium Studio Workspace\AITP R3\build\android\bin\assets\Resources\ui\common\jobfair\ListView.js
[TRACE] COPYING CREATED FILE: C:\Titanium Studio Workspace\AITP R3\Resources\ui\common\jobfair\sponsors\SponsorsWindow.js => C:\Titanium Studio Workspace\AITP R3\build\android\bin\assets\Resources\ui\common\jobfair\sponsors\SponsorsWindow.js
[TRACE] COPYING CREATED FILE: C:\Titanium Studio Workspace\AITP R3\Resources\ui\common\jobfair\TabGroup.js => C:\Titanium Studio Workspace\AITP R3\build\android\bin\assets\Resources\ui\common\jobfair\TabGroup.js
[TRACE] COPYING CREATED FILE: C:\Titanium Studio Workspace\AITP R3\Resources\ui\common\maps\campusMap\MapsWindow.js => C:\Titanium Studio Workspace\AITP R3\build\android\bin\assets\Resources\ui\common\maps\campusMap\MapsWindow.js
[TRACE] COPYING CREATED FILE: C:\Titanium Studio Workspace\AITP R3\Resources\ui\common\maps\floorPlans\FloorPlansWindow.js => C:\Titanium Studio Workspace\AITP R3\build\android\bin\assets\Resources\ui\common\maps\floorPlans\FloorPlansWindow.js
[TRACE] COPYING CREATED FILE: C:\Titanium Studio Workspace\AITP R3\Resources\ui\common\maps\search\ListView.js => C:\Titanium Studio Workspace\AITP R3\build\android\bin\assets\Resources\ui\common\maps\search\ListView.js
[TRACE] COPYING CREATED FILE: C:\Titanium Studio Workspace\AITP R3\Resources\ui\common\maps\search\SearchWindow.js => C:\Titanium Studio Workspace\AITP R3\build\android\bin\assets\Resources\ui\common\maps\search\SearchWindow.js
[TRACE] COPYING CREATED FILE: C:\Titanium Studio Workspace\AITP R3\Resources\ui\common\maps\TabGroup.js => C:\Titanium Studio Workspace\AITP R3\build\android\bin\assets\Resources\ui\common\maps\TabGroup.js
[TRACE] COPYING CREATED FILE: C:\Titanium Studio Workspace\AITP R3\Resources\ui\common\photos\PhotosWindow.js => C:\Titanium Studio Workspace\AITP R3\build\android\bin\assets\Resources\ui\common\photos\PhotosWindow.js
[TRACE] COPYING CREATED FILE: C:\Titanium Studio Workspace\AITP R3\Resources\ui\common\presentations\sessions\DetailView.js => C:\Titanium Studio Workspace\AITP R3\build\android\bin\assets\Resources\ui\common\presentations\sessions\DetailView.js
[TRACE] COPYING CREATED FILE: C:\Titanium Studio Workspace\AITP R3\Resources\ui\common\presentations\sessions\ListView.js => C:\Titanium Studio Workspace\AITP R3\build\android\bin\assets\Resources\ui\common\presentations\sessions\ListView.js
[TRACE] COPYING CREATED FILE: C:\Titanium Studio Workspace\AITP R3\Resources\ui\common\presentations\sessions\SessionsWindow.js => C:\Titanium Studio Workspace\AITP R3\build\android\bin\assets\Resources\ui\common\presentations\sessions\SessionsWindow.js
[TRACE] COPYING CREATED FILE: C:\Titanium Studio Workspace\AITP R3\Resources\ui\common\presentations\speakers\DetailView.js => C:\Titanium Studio Workspace\AITP R3\build\android\bin\assets\Resources\ui\common\presentations\speakers\DetailView.js
[TRACE] COPYING CREATED FILE: C:\Titanium Studio Workspace\AITP R3\Resources\ui\common\presentations\speakers\ListView.js => C:\Titanium Studio Workspace\AITP R3\build\android\bin\assets\Resources\ui\common\presentations\speakers\ListView.js
[TRACE] COPYING CREATED FILE: C:\Titanium Studio Workspace\AITP R3\Resources\ui\common\presentations\speakers\SpeakersWindow.js => C:\Titanium Studio Workspace\AITP R3\build\android\bin\assets\Resources\ui\common\presentations\speakers\SpeakersWindow.js
[TRACE] COPYING CREATED FILE: C:\Titanium Studio Workspace\AITP R3\Resources\ui\common\presentations\TabGroup.js => C:\Titanium Studio Workspace\AITP R3\build\android\bin\assets\Resources\ui\common\presentations\TabGroup.js
[TRACE] COPYING CREATED FILE: C:\Titanium Studio Workspace\AITP R3\Resources\ui\common\schedules\DetailView.js => C:\Titanium Studio Workspace\AITP R3\build\android\bin\assets\Resources\ui\common\schedules\DetailView.js
[TRACE] COPYING CREATED FILE: C:\Titanium Studio Workspace\AITP R3\Resources\ui\common\schedules\ListView.js => C:\Titanium Studio Workspace\AITP R3\build\android\bin\assets\Resources\ui\common\schedules\ListView.js
[TRACE] COPYING CREATED FILE: C:\Titanium Studio Workspace\AITP R3\Resources\ui\common\schedules\SchedulesWindow.js => C:\Titanium Studio Workspace\AITP R3\build\android\bin\assets\Resources\ui\common\schedules\SchedulesWindow.js
[TRACE] COPYING CREATED FILE: C:\Titanium Studio Workspace\AITP R3\Resources\ui\common\twitter\conference\ConferenceView.js => C:\Titanium Studio Workspace\AITP R3\build\android\bin\assets\Resources\ui\common\twitter\conference\ConferenceView.js
[TRACE] COPYING CREATED FILE: C:\Titanium Studio Workspace\AITP R3\Resources\ui\common\twitter\conference\ConferenceWindow.js => C:\Titanium Studio Workspace\AITP R3\build\android\bin\assets\Resources\ui\common\twitter\conference\ConferenceWindow.js
[TRACE] COPYING CREATED FILE: C:\Titanium Studio Workspace\AITP R3\Resources\ui\common\twitter\hashtags\HashtagsView.js => C:\Titanium Studio Workspace\AITP R3\build\android\bin\assets\Resources\ui\common\twitter\hashtags\HashtagsView.js
[TRACE] COPYING CREATED FILE: C:\Titanium Studio Workspace\AITP R3\Resources\ui\common\twitter\hashtags\HashtagsWindow.js => C:\Titanium Studio Workspace\AITP R3\build\android\bin\assets\Resources\ui\common\twitter\hashtags\HashtagsWindow.js
[TRACE] COPYING CREATED FILE: C:\Titanium Studio Workspace\AITP R3\Resources\ui\common\twitter\TabGroup.js => C:\Titanium Studio Workspace\AITP R3\build\android\bin\assets\Resources\ui\common\twitter\TabGroup.js
[TRACE] COPYING CREATED FILE: C:\Titanium Studio Workspace\AITP R3\Resources\ui\handheld\android\Home.js => C:\Titanium Studio Workspace\AITP R3\build\android\bin\assets\Resources\ui\handheld\android\Home.js
[TRACE] COPYING CREATED FILE: C:\Titanium Studio Workspace\AITP R3\Resources\ui\handheld\iphone\Home.js => C:\Titanium Studio Workspace\AITP R3\build\android\bin\assets\Resources\ui\handheld\iphone\Home.js
[TRACE] COPYING CREATED FILE: C:\Titanium Studio Workspace\AITP R3\Resources\ui\tablet\android\Home.js => C:\Titanium Studio Workspace\AITP R3\build\android\bin\assets\Resources\ui\tablet\android\Home.js
[TRACE] COPYING CREATED FILE: C:\Titanium Studio Workspace\AITP R3\Resources\ui\tablet\ApplicationWindow.js => C:\Titanium Studio Workspace\AITP R3\build\android\bin\assets\Resources\ui\tablet\ApplicationWindow.js
[TRACE] COPYING CREATED FILE: C:\Titanium Studio Workspace\AITP R3\Resources\ui\tablet\ipad\Home.js => C:\Titanium Studio Workspace\AITP R3\build\android\bin\assets\Resources\ui\tablet\ipad\Home.js
[TRACE] Generating Java Classes
[DEBUG] Processing Android resource drawables
[TRACE] COPYING FILE: C:\Titanium Studio Workspace\AITP R3\Resources\android\images\res-long-land-hdpi\main.png => C:\Titanium Studio Workspace\AITP R3\build\android\res\drawable-long-land-hdpi\main_6d5dd0e3ac.png
[TRACE] COPYING FILE: C:\Titanium Studio Workspace\AITP R3\Resources\android\images\res-long-land-hdpi\main_updated.png => C:\Titanium Studio Workspace\AITP R3\build\android\res\drawable-long-land-hdpi\main_updated_ec62f99ada.png
[TRACE] COPYING FILE: C:\Titanium Studio Workspace\AITP R3\Resources\android\images\res-long-land-ldpi\main.png => C:\Titanium Studio Workspace\AITP R3\build\android\res\drawable-long-land-ldpi\main_6d5dd0e3ac.png
[TRACE] COPYING FILE: C:\Titanium Studio Workspace\AITP R3\Resources\android\images\res-long-port-hdpi\main.png => C:\Titanium Studio Workspace\AITP R3\build\android\res\drawable-long-port-hdpi\main_6d5dd0e3ac.png
[TRACE] COPYING FILE: C:\Titanium Studio Workspace\AITP R3\Resources\android\images\res-long-port-hdpi\main_updated.png => C:\Titanium Studio Workspace\AITP R3\build\android\res\drawable-long-port-hdpi\main_updated_ec62f99ada.png
[TRACE] COPYING FILE: C:\Titanium Studio Workspace\AITP R3\Resources\android\images\res-long-port-ldpi\main.png => C:\Titanium Studio Workspace\AITP R3\build\android\res\drawable-long-port-ldpi\main_6d5dd0e3ac.png
[TRACE] COPYING FILE: C:\Titanium Studio Workspace\AITP R3\Resources\android\images\res-notlong-land-hdpi\main.png => C:\Titanium Studio Workspace\AITP R3\build\android\res\drawable-notlong-land-hdpi\main_6d5dd0e3ac.png
[TRACE] COPYING FILE: C:\Titanium Studio Workspace\AITP R3\Resources\android\images\res-notlong-land-hdpi\main_updated.png => C:\Titanium Studio Workspace\AITP R3\build\android\res\drawable-notlong-land-hdpi\main_updated_ec62f99ada.png
[TRACE] COPYING FILE: C:\Titanium Studio Workspace\AITP R3\Resources\android\images\res-notlong-land-ldpi\main.png => C:\Titanium Studio Workspace\AITP R3\build\android\res\drawable-notlong-land-ldpi\main_6d5dd0e3ac.png
[TRACE] COPYING FILE: C:\Titanium Studio Workspace\AITP R3\Resources\android\images\res-notlong-land-mdpi\main.png => C:\Titanium Studio Workspace\AITP R3\build\android\res\drawable-notlong-land-mdpi\main_6d5dd0e3ac.png
[TRACE] COPYING FILE: C:\Titanium Studio Workspace\AITP R3\Resources\android\images\res-notlong-port-hdpi\main.png => C:\Titanium Studio Workspace\AITP R3\build\android\res\drawable-notlong-port-hdpi\main_6d5dd0e3ac.png
[TRACE] COPYING FILE: C:\Titanium Studio Workspace\AITP R3\Resources\android\images\res-notlong-port-hdpi\main_updated.png => C:\Titanium Studio Workspace\AITP R3\build\android\res\drawable-notlong-port-hdpi\main_updated_ec62f99ada.png
[TRACE] COPYING FILE: C:\Titanium Studio Workspace\AITP R3\Resources\android\images\res-notlong-port-hdpi\main_updated_854.png => C:\Titanium Studio Workspace\AITP R3\build\android\res\drawable-notlong-port-hdpi\main_updated_854_f503acee06.png
[TRACE] COPYING FILE: C:\Titanium Studio Workspace\AITP R3\Resources\android\images\res-notlong-port-ldpi\main.png => C:\Titanium Studio Workspace\AITP R3\build\android\res\drawable-notlong-port-ldpi\main_6d5dd0e3ac.png
[TRACE] COPYING FILE: C:\Titanium Studio Workspace\AITP R3\Resources\android\images\res-notlong-port-mdpi\main.png => C:\Titanium Studio Workspace\AITP R3\build\android\res\drawable-notlong-port-mdpi\main_6d5dd0e3ac.png
[TRACE] COPYING FILE: C:\Titanium Studio Workspace\AITP R3\Resources\android\images\res-notlong-port-mdpi\main_updated.png => C:\Titanium Studio Workspace\AITP R3\build\android\res\drawable-notlong-port-mdpi\main_updated_ec62f99ada.png
[TRACE] COPYING FILE: C:\Titanium Studio Workspace\AITP R3\Resources\android\images\res-notlong-port-mdpi\main_updated_old.png => C:\Titanium Studio Workspace\AITP R3\build\android\res\drawable-notlong-port-mdpi\main_updated_old_1e4241e57e.png
[DEBUG] app stylesheet => C:\Titanium Studio Workspace\AITP R3\build\android\gen\com\bradyhigginbotham\r3\ApplicationStylesheet.java
[DEBUG] copying app icon: C:\Titanium Studio Workspace\AITP R3\build\android\bin\assets\Resources\appicon.png
[DEBUG] generating theme.xml
[DEBUG] found drawable-long-land-hdpi splash screen at C:\Titanium Studio Workspace\AITP R3\Resources\android\images\res-long-land-hdpi\default.png
[DEBUG] copying C:\Titanium Studio Workspace\AITP R3\Resources\android\images\res-long-land-hdpi\default.png splash screen to C:\Titanium Studio Workspace\AITP R3\build\android\res\drawable-long-land-hdpi\background.png
[DEBUG] found drawable-long-land-ldpi splash screen at C:\Titanium Studio Workspace\AITP R3\Resources\android\images\res-long-land-ldpi\default.png
[DEBUG] copying C:\Titanium Studio Workspace\AITP R3\Resources\android\images\res-long-land-ldpi\default.png splash screen to C:\Titanium Studio Workspace\AITP R3\build\android\res\drawable-long-land-ldpi\background.png
[DEBUG] found drawable-long-port-hdpi splash screen at C:\Titanium Studio Workspace\AITP R3\Resources\android\images\res-long-port-hdpi\default.png
[DEBUG] copying C:\Titanium Studio Workspace\AITP R3\Resources\android\images\res-long-port-hdpi\default.png splash screen to C:\Titanium Studio Workspace\AITP R3\build\android\res\drawable-long-port-hdpi\background.png
[DEBUG] found drawable-long-port-ldpi splash screen at C:\Titanium Studio Workspace\AITP R3\Resources\android\images\res-long-port-ldpi\default.png
[DEBUG] copying C:\Titanium Studio Workspace\AITP R3\Resources\android\images\res-long-port-ldpi\default.png splash screen to C:\Titanium Studio Workspace\AITP R3\build\android\res\drawable-long-port-ldpi\background.png
[DEBUG] found drawable-notlong-land-hdpi splash screen at C:\Titanium Studio Workspace\AITP R3\Resources\android\images\res-notlong-land-hdpi\default.png
[DEBUG] copying C:\Titanium Studio Workspace\AITP R3\Resources\android\images\res-notlong-land-hdpi\default.png splash screen to C:\Titanium Studio Workspace\AITP R3\build\android\res\drawable-notlong-land-hdpi\background.png
[DEBUG] found drawable-notlong-land-ldpi splash screen at C:\Titanium Studio Workspace\AITP R3\Resources\android\images\res-notlong-land-ldpi\default.png
[DEBUG] copying C:\Titanium Studio Workspace\AITP R3\Resources\android\images\res-notlong-land-ldpi\default.png splash screen to C:\Titanium Studio Workspace\AITP R3\build\android\res\drawable-notlong-land-ldpi\background.png
[DEBUG] found drawable-notlong-land-mdpi splash screen at C:\Titanium Studio Workspace\AITP R3\Resources\android\images\res-notlong-land-mdpi\default.png
[DEBUG] copying C:\Titanium Studio Workspace\AITP R3\Resources\android\images\res-notlong-land-mdpi\default.png splash screen to C:\Titanium Studio Workspace\AITP R3\build\android\res\drawable-notlong-land-mdpi\background.png
[DEBUG] found drawable-notlong-port-hdpi splash screen at C:\Titanium Studio Workspace\AITP R3\Resources\android\images\res-notlong-port-hdpi\default.png
[DEBUG] copying C:\Titanium Studio Workspace\AITP R3\Resources\android\images\res-notlong-port-hdpi\default.png splash screen to C:\Titanium Studio Workspace\AITP R3\build\android\res\drawable-notlong-port-hdpi\background.png
[DEBUG] found drawable-notlong-port-ldpi splash screen at C:\Titanium Studio Workspace\AITP R3\Resources\android\images\res-notlong-port-ldpi\default.png
[DEBUG] copying C:\Titanium Studio Workspace\AITP R3\Resources\android\images\res-notlong-port-ldpi\default.png splash screen to C:\Titanium Studio Workspace\AITP R3\build\android\res\drawable-notlong-port-ldpi\background.png
[DEBUG] found drawable-notlong-port-mdpi splash screen at C:\Titanium Studio Workspace\AITP R3\Resources\android\images\res-notlong-port-mdpi\default.png
[DEBUG] copying C:\Titanium Studio Workspace\AITP R3\Resources\android\images\res-notlong-port-mdpi\default.png splash screen to C:\Titanium Studio Workspace\AITP R3\build\android\res\drawable-notlong-port-mdpi\background.png
[DEBUG] copying default splash screen
[TRACE] Writing out AndroidManifest.xml
[DEBUG] adding C:\Titanium Studio Workspace\AITP R3\build\android\gen\com\bradyhigginbotham\r3\AitpR3Activity.java to javac build list
[DEBUG] adding C:\Titanium Studio Workspace\AITP R3\build\android\gen\com\bradyhigginbotham\r3\AitpR3AppInfo.java to javac build list
[DEBUG] adding C:\Titanium Studio Workspace\AITP R3\build\android\gen\com\bradyhigginbotham\r3\AitpR3Application.java to javac build list
[DEBUG] adding C:\Titanium Studio Workspace\AITP R3\build\android\gen\com\bradyhigginbotham\r3\ApplicationStylesheet.java to javac build list
[DEBUG] adding C:\Titanium Studio Workspace\AITP R3\build\android\gen\com\bradyhigginbotham\r3\R.java to javac build list
[DEBUG] Building Java Sources: "C:\\Titanium Studio Workspace\\AITP R3\\build\\android\\gen\\com\\bradyhigginbotham\\r3\\AitpR3Activity.java" "C:\\Titanium Studio Workspace\\AITP R3\\build\\android\\gen\\com\\bradyhigginbotham\\r3\\AitpR3AppInfo.java" "C:\\Titanium Studio Workspace\\AITP R3\\build\\android\\gen\\com\\bradyhigginbotham\\r3\\AitpR3Application.java" "C:\\Titanium Studio Workspace\\AITP R3\\build\\android\\gen\\com\\bradyhigginbotham\\r3\\ApplicationStylesheet.java" "C:\\Titanium Studio Workspace\\AITP R3\\build\\android\\gen\\com\\bradyhigginbotham\\r3\\R.java"
[INFO] Compiling Android Resources... This could take some time
[DEBUG] Android classes.dex built
[DEBUG] creating unsigned apk: C:\Titanium Studio Workspace\AITP R3\build\android\bin\app-unsigned.apk
[DEBUG] from resource zip => assets/Resources/db/r3.sqlite
[DEBUG] from resource zip => assets/Resources/floorplan/FGMouton.png
[DEBUG] from resource zip => assets/Resources/icons/home/about.png
[DEBUG] from resource zip => assets/Resources/icons/home/about_blue_64.png
[DEBUG] from resource zip => assets/Resources/icons/home/about_blue_64_title.png
[DEBUG] from resource zip => assets/Resources/icons/home/briefcase.png
[DEBUG] from resource zip => assets/Resources/icons/home/briefcase_64_title.png
[DEBUG] from resource zip => assets/Resources/icons/home/camera.png
[DEBUG] from resource zip => assets/Resources/icons/home/certifications.png
[DEBUG] from resource zip => assets/Resources/icons/home/certifications_64.png
[DEBUG] from resource zip => assets/Resources/icons/home/certifications_64_title.png
[DEBUG] from resource zip => assets/Resources/icons/home/colleges.png
[DEBUG] from resource zip => assets/Resources/icons/home/colleges_64.png
[DEBUG] from resource zip => assets/Resources/icons/home/colleges_64_title.png
[DEBUG] from resource zip => assets/Resources/icons/home/competitions.png
[DEBUG] from resource zip => assets/Resources/icons/home/contests_64.png
[DEBUG] from resource zip => assets/Resources/icons/home/contests_64_title.png
[DEBUG] from resource zip => assets/Resources/icons/home/facebook.png
[DEBUG] from resource zip => assets/Resources/icons/home/facebook_round_64.png
[DEBUG] from resource zip => assets/Resources/icons/home/facebook_round_64_title.png
[DEBUG] from resource zip => assets/Resources/icons/home/festival.png
[DEBUG] from resource zip => assets/Resources/icons/home/festival_64_title.png
[DEBUG] from resource zip => assets/Resources/icons/home/job_fair_64.png
[DEBUG] from resource zip => assets/Resources/icons/home/job_fair_64_title.png
[DEBUG] from resource zip => assets/Resources/icons/home/maps.png
[DEBUG] from resource zip => assets/Resources/icons/home/maps_64.png
[DEBUG] from resource zip => assets/Resources/icons/home/maps_64_title.png
[DEBUG] from resource zip => assets/Resources/icons/home/photos2_64.png
[DEBUG] from resource zip => assets/Resources/icons/home/photos2_64_title.png
[DEBUG] from resource zip => assets/Resources/icons/home/photos_64.png
[DEBUG] from resource zip => assets/Resources/icons/home/photos_64_title.png
[DEBUG] from resource zip => assets/Resources/icons/home/schedule.png
[DEBUG] from resource zip => assets/Resources/icons/home/schedule_64.png
[DEBUG] from resource zip => assets/Resources/icons/home/schedule_64_title.png
[DEBUG] from resource zip => assets/Resources/icons/home/sessions.png
[DEBUG] from resource zip => assets/Resources/icons/home/sessions_64.png
[DEBUG] from resource zip => assets/Resources/icons/home/sessions_64_title.png
[DEBUG] from resource zip => assets/Resources/icons/home/sessions_color_64.png
[DEBUG] from resource zip => assets/Resources/icons/home/twitter.png
[DEBUG] from resource zip => assets/Resources/icons/home/twitter_round_64.png
[DEBUG] from resource zip => assets/Resources/icons/home/twitter_round_64_title.png
[DEBUG] from resource zip => assets/Resources/icons/tabs/building.png
[DEBUG] from resource zip => assets/Resources/icons/tabs/info.png
[DEBUG] from resource zip => assets/Resources/icons/tabs/phone.png
[DEBUG] from resource zip => assets/Resources/icons/tabs/pin.png
[DEBUG] from resource zip => assets/Resources/icons/tabs/search.png
[DEBUG] from resource zip => assets/Resources/icons/tabs/sessions.png
[DEBUG] from resource zip => assets/Resources/icons/tabs/speakers.png
[DEBUG] from resource zip => assets/Resources/icons/tabs/star.png
[DEBUG] from resource zip => assets/Resources/icons/tabs/ull.png
[DEBUG] from resource zip => assets/Resources/icons/certifications_64.png
[DEBUG] from resource zip => assets/Resources/icons/colleges_64.png
[DEBUG] from resource zip => assets/Resources/icons/facebook_round_64.png
[DEBUG] from resource zip => assets/Resources/icons/maps_64.png
[DEBUG] from resource zip => assets/Resources/icons/photos_64.png
[DEBUG] from resource zip => assets/Resources/icons/schedule_64.png
[DEBUG] from resource zip => assets/Resources/icons/twitter_round_64.png
[DEBUG] from resource zip => assets/Resources/ui/common/about/app/AppWindow.js
[DEBUG] from resource zip => assets/Resources/ui/common/about/app/ListView.js
[DEBUG] from resource zip => assets/Resources/ui/common/about/app/app.html
[DEBUG] from resource zip => assets/Resources/ui/common/about/conference/ConferenceWindow.js
[DEBUG] from resource zip => assets/Resources/ui/common/about/conference/ListView.js
[DEBUG] from resource zip => assets/Resources/ui/common/about/conference/conference.html
[DEBUG] from resource zip => assets/Resources/ui/common/about/contact/ContactWindow.js
[DEBUG] from resource zip => assets/Resources/ui/common/about/contact/ListView.js
[DEBUG] from resource zip => assets/Resources/ui/common/about/contact/contact.html
[DEBUG] from resource zip => assets/Resources/ui/common/about/ull/ListView.js
[DEBUG] from resource zip => assets/Resources/ui/common/about/ull/UllWindow.js
[DEBUG] from resource zip => assets/Resources/ui/common/about/TabGroup.js
[DEBUG] from resource zip => assets/Resources/ui/common/announcements/AnnouncementsWindow.js
[DEBUG] from resource zip => assets/Resources/ui/common/announcements/DetailView.js
[DEBUG] from resource zip => assets/Resources/ui/common/announcements/ListView.js
[DEBUG] from resource zip => assets/Resources/ui/common/certifications/CertificationsWindow.js
[DEBUG] from resource zip => assets/Resources/ui/common/certifications/DetailView.js
[DEBUG] from resource zip => assets/Resources/ui/common/certifications/ListView.js
[DEBUG] from resource zip => assets/Resources/ui/common/colleges/CollegesWindow.js
[DEBUG] from resource zip => assets/Resources/ui/common/colleges/DetailView.js
[DEBUG] from resource zip => assets/Resources/ui/common/colleges/ListView.js
[DEBUG] from resource zip => assets/Resources/ui/common/competitions/CompetitionsWindow.js
[DEBUG] from resource zip => assets/Resources/ui/common/competitions/DetailView.js
[DEBUG] from resource zip => assets/Resources/ui/common/competitions/ListView.js
[DEBUG] from resource zip => assets/Resources/ui/common/jobfair/exhibitors/ExhibitorsWindow.js
[DEBUG] from resource zip => assets/Resources/ui/common/jobfair/sponsors/SponsorsWindow.js
[DEBUG] from resource zip => assets/Resources/ui/common/jobfair/DetailView.js
[DEBUG] from resource zip => assets/Resources/ui/common/jobfair/ListView.js
[DEBUG] from resource zip => assets/Resources/ui/common/jobfair/TabGroup.js
[DEBUG] from resource zip => assets/Resources/ui/common/maps/campusMap/MapsWindow.js
[DEBUG] from resource zip => assets/Resources/ui/common/maps/floorPlans/FloorPlansWindow.js
[DEBUG] from resource zip => assets/Resources/ui/common/maps/search/ListView.js
[DEBUG] from resource zip => assets/Resources/ui/common/maps/search/SearchWindow.js
[DEBUG] from resource zip => assets/Resources/ui/common/maps/TabGroup.js
[DEBUG] from resource zip => assets/Resources/ui/common/photos/PhotosWindow.js
[DEBUG] from resource zip => assets/Resources/ui/common/presentations/sessions/DetailView.js
[DEBUG] from resource zip => assets/Resources/ui/common/presentations/sessions/ListView.js
[DEBUG] from resource zip => assets/Resources/ui/common/presentations/sessions/SessionsWindow.js
[DEBUG] from resource zip => assets/Resources/ui/common/presentations/speakers/DetailView.js
[DEBUG] from resource zip => assets/Resources/ui/common/presentations/speakers/ListView.js
[DEBUG] from resource zip => assets/Resources/ui/common/presentations/speakers/SpeakersWindow.js
[DEBUG] from resource zip => assets/Resources/ui/common/presentations/TabGroup.js
[DEBUG] from resource zip => assets/Resources/ui/common/schedules/DetailView.js
[DEBUG] from resource zip => assets/Resources/ui/common/schedules/ListView.js
[DEBUG] from resource zip => assets/Resources/ui/common/schedules/SchedulesWindow.js
[DEBUG] from resource zip => assets/Resources/ui/common/twitter/conference/ConferenceView.js
[DEBUG] from resource zip => assets/Resources/ui/common/twitter/conference/ConferenceWindow.js
[DEBUG] from resource zip => assets/Resources/ui/common/twitter/hashtags/HashtagsView.js
[DEBUG] from resource zip => assets/Resources/ui/common/twitter/hashtags/HashtagsWindow.js
[DEBUG] from resource zip => assets/Resources/ui/common/twitter/TabGroup.js
[DEBUG] from resource zip => assets/Resources/ui/handheld/android/Home.js
[DEBUG] from resource zip => assets/Resources/ui/handheld/iphone/Home.js
[DEBUG] from resource zip => assets/Resources/ui/tablet/android/Home.js
[DEBUG] from resource zip => assets/Resources/ui/tablet/ipad/Home.js
[DEBUG] from resource zip => assets/Resources/ui/tablet/ApplicationWindow.js
[DEBUG] from resource zip => assets/Resources/KS_nav_ui.png
[DEBUG] from resource zip => assets/Resources/KS_nav_views.png
[DEBUG] from resource zip => assets/Resources/app.js
[DEBUG] from resource zip => assets/Resources/appicon.png
[DEBUG] from resource zip => assets/Resources/settings.js
[DEBUG] from resource zip => assets/Resources/ti.cloud.js
[DEBUG] from resource zip => assets/app.json
[DEBUG] from resource zip => assets/index.json
[DEBUG] from resource zip => assets/tiapp.xml
[DEBUG] from resource zip => res/drawable/appicon.png
[DEBUG] from resource zip => res/drawable/background.png
[DEBUG] from resource zip => res/layout/titanium_tabgroup.xml
[DEBUG] from resource zip => AndroidManifest.xml
[DEBUG] from resource zip => resources.arsc
[DEBUG] from resource zip => res/drawable-long-land-hdpi/background.png
[DEBUG] from resource zip => res/drawable-long-land-hdpi/main_6d5dd0e3ac.png
[DEBUG] from resource zip => res/drawable-long-land-hdpi/main_updated_ec62f99ada.png
[DEBUG] from resource zip => res/drawable-long-land-ldpi/background.png
[DEBUG] from resource zip => res/drawable-long-land-ldpi/main_6d5dd0e3ac.png
[DEBUG] from resource zip => res/drawable-long-port-hdpi/background.png
[DEBUG] from resource zip => res/drawable-long-port-hdpi/main_6d5dd0e3ac.png
[DEBUG] from resource zip => res/drawable-long-port-hdpi/main_updated_ec62f99ada.png
[DEBUG] from resource zip => res/drawable-long-port-ldpi/background.png
[DEBUG] from resource zip => res/drawable-long-port-ldpi/main_6d5dd0e3ac.png
[DEBUG] from resource zip => res/drawable-notlong-land-hdpi/background.png
[DEBUG] from resource zip => res/drawable-notlong-land-hdpi/main_6d5dd0e3ac.png
[DEBUG] from resource zip => res/drawable-notlong-land-hdpi/main_updated_ec62f99ada.png
[DEBUG] from resource zip => res/drawable-notlong-land-ldpi/background.png
[DEBUG] from resource zip => res/drawable-notlong-land-ldpi/main_6d5dd0e3ac.png
[DEBUG] from resource zip => res/drawable-notlong-land-mdpi/background.png
[DEBUG] from resource zip => res/drawable-notlong-land-mdpi/main_6d5dd0e3ac.png
[DEBUG] from resource zip => res/drawable-notlong-port-hdpi/background.png
[DEBUG] from resource zip => res/drawable-notlong-port-hdpi/main_6d5dd0e3ac.png
[DEBUG] from resource zip => res/drawable-notlong-port-hdpi/main_updated_854_f503acee06.png
[DEBUG] from resource zip => res/drawable-notlong-port-hdpi/main_updated_ec62f99ada.png
[DEBUG] from resource zip => res/drawable-notlong-port-ldpi/background.png
[DEBUG] from resource zip => res/drawable-notlong-port-ldpi/main_6d5dd0e3ac.png
[DEBUG] from resource zip => res/drawable-notlong-port-mdpi/background.png
[DEBUG] from resource zip => res/drawable-notlong-port-mdpi/main_6d5dd0e3ac.png
[DEBUG] from resource zip => res/drawable-notlong-port-mdpi/main_updated_ec62f99ada.png
[DEBUG] from resource zip => res/drawable-notlong-port-mdpi/main_updated_old_1e4241e57e.png
[DEBUG] from JAR C:\Users\Stick\AppData\Roaming\Titanium\mobilesdk\win32\2.0.2.GA\android\modules\titanium-ui.jar => ti/modules/titanium/ui/widget/webview/binding.js
[DEBUG] from JAR C:\Users\Stick\AppData\Roaming\Titanium\mobilesdk\win32\2.0.2.GA\android\modules\titanium-ui.jar => ti/modules/titanium/ui/widget/webview/binding.min.js
[DEBUG] from JAR C:\Users\Stick\AppData\Roaming\Titanium\mobilesdk\win32\2.0.2.GA\android\modules\titanium-ui.jar => ti/modules/titanium/ui/widget/webview/json2.js
[DEBUG] from JAR C:\Users\Stick\AppData\Roaming\Titanium\mobilesdk\win32\2.0.2.GA\android\thirdparty.jar => org/apache/Commons-NOTICE.txt
[DEBUG] from JAR C:\Users\Stick\AppData\Roaming\Titanium\mobilesdk\win32\2.0.2.GA\android\thirdparty.jar => org/apache/HttpComponents-NOTICE.txt
[DEBUG] from JAR C:\Users\Stick\AppData\Roaming\Titanium\mobilesdk\win32\2.0.2.GA\android\thirdparty.jar => org/apache/mime4j-NOTICE.txt
[DEBUG] from JAR C:\Users\Stick\AppData\Roaming\Titanium\mobilesdk\win32\2.0.2.GA\android\titanium.jar => org/appcelerator/titanium/build.properties
[DEBUG] from JAR C:\Users\Stick\AppData\Roaming\Titanium\mobilesdk\win32\2.0.2.GA\android\titanium.jar => org/appcelerator/titanium/res/drawable/background.png
[DEBUG] from JAR C:\Users\Stick\AppData\Roaming\Titanium\mobilesdk\win32\2.0.2.GA\android\titanium.jar => org/appcelerator/titanium/res/drawable/btn_check_buttonless_on.png
[DEBUG] from JAR C:\Users\Stick\AppData\Roaming\Titanium\mobilesdk\win32\2.0.2.GA\android\titanium.jar => org/appcelerator/titanium/res/drawable/btn_check_buttonless_on_18.png
[DEBUG] from JAR C:\Users\Stick\AppData\Roaming\Titanium\mobilesdk\win32\2.0.2.GA\android\titanium.jar => org/appcelerator/titanium/res/drawable/btn_check_buttonless_on_48.png
[DEBUG] from JAR C:\Users\Stick\AppData\Roaming\Titanium\mobilesdk\win32\2.0.2.GA\android\titanium.jar => org/appcelerator/titanium/res/drawable/btn_more.png
[DEBUG] from JAR C:\Users\Stick\AppData\Roaming\Titanium\mobilesdk\win32\2.0.2.GA\android\titanium.jar => org/appcelerator/titanium/res/drawable/btn_more_18.png
[DEBUG] from JAR C:\Users\Stick\AppData\Roaming\Titanium\mobilesdk\win32\2.0.2.GA\android\titanium.jar => org/appcelerator/titanium/res/drawable/btn_more_48.png
[DEBUG] from JAR C:\Users\Stick\AppData\Roaming\Titanium\mobilesdk\win32\2.0.2.GA\android\titanium.jar => org/appcelerator/titanium/res/drawable/btn_picker_normal.9.png
[DEBUG] from JAR C:\Users\Stick\AppData\Roaming\Titanium\mobilesdk\win32\2.0.2.GA\android\titanium.jar => org/appcelerator/titanium/res/drawable/btn_picker_pressed.9.png
[DEBUG] from JAR C:\Users\Stick\AppData\Roaming\Titanium\mobilesdk\win32\2.0.2.GA\android\titanium.jar => org/appcelerator/titanium/res/drawable/btn_picker_selected.9.png
[DEBUG] from JAR C:\Users\Stick\AppData\Roaming\Titanium\mobilesdk\win32\2.0.2.GA\android\titanium.jar => org/appcelerator/titanium/res/drawable/default_icon.png
[DEBUG] from JAR C:\Users\Stick\AppData\Roaming\Titanium\mobilesdk\win32\2.0.2.GA\android\titanium.jar => org/appcelerator/titanium/res/drawable/photoDefault.png
[DEBUG] installing native lib: C:\Users\Stick\AppData\Roaming\Titanium\modules\android\ti.cloudpush\2.0.5\libs\armeabi\libti.cloudpush.so
[DEBUG] installing native lib: C:\Users\Stick\AppData\Roaming\Titanium\modules\android\ti.cloudpush\2.0.5\libs\armeabi-v7a\libti.cloudpush.so
[DEBUG] installing native SDK libs
[DEBUG] Waiting for device to be ready ...
[TRACE] adb devices returned 1 devices/emulators
[DEBUG] Device connected... (waited 0 seconds)
[DEBUG] waited 0.014000 seconds on emulator to get ready
[INFO] Installing application on device
[INFO] Application installed. Launch from drawer on Home Screen
